<?xml version="1.0" encoding="UTF-8"?>
<!-- Generated by org.testng.reporters.JUnitReportReporter -->
<testsuite hostname="LAPTOP-NMT7PGGN" failures="0" tests="2" name="nileshSelenium.AloneTestModifiedDataJsonFile" time="17.988" errors="0" timestamp="2024-10-31T12:59:39 IST" skipped="0">
  <testcase classname="nileshSelenium.AloneTestModifiedDataJsonFile" name="orderZaraCoat" time="9.882"/>
  <testcase classname="nileshSelenium.AloneTestModifiedDataJsonFile" name="orderZaraCoat" time="8.106"/>
</testsuite> <!-- nileshSelenium.AloneTestModifiedDataJsonFile -->
