<?xml version="1.0" encoding="UTF-8"?>
<!-- Generated by org.testng.reporters.JUnitReportReporter -->
<testsuite hostname="LAPTOP-NMT7PGGN" failures="0" tests="2" name="nileshSelenium.AloneTestModifiedHashMapData" time="10.888" errors="0" timestamp="2024-10-30T16:04:53 IST" skipped="0">
  <testcase classname="nileshSelenium.AloneTestModifiedHashMapData" name="orderZaraCoat" time="4.804"/>
  <testcase classname="nileshSelenium.AloneTestModifiedHashMapData" name="orderZaraCoat" time="6.084"/>
</testsuite> <!-- nileshSelenium.AloneTestModifiedHashMapData -->
