<?xml version="1.0" encoding="UTF-8"?>
<!-- Generated by org.testng.reporters.JUnitReportReporter -->
<testsuite hostname="LAPTOP-NMT7PGGN" failures="0" tests="1" name="extentReports.ExtentReportDemo" time="2.903" errors="0" timestamp="2024-10-30T17:09:28 IST" skipped="0">
  <testcase classname="extentReports.ExtentReportDemo" name="demo" time="2.903"/>
</testsuite> <!-- extentReports.ExtentReportDemo -->
