<?xml version="1.0" encoding="UTF-8"?>
<!-- Generated by org.testng.reporters.JUnitReportReporter -->
<testsuite hostname="LAPTOP-NMT7PGGN" failures="0" tests="1" name="cucumber.TestNGRunner" time="6.000" errors="0" timestamp="2024-11-01T13:04:08 IST" skipped="0">
  <testcase classname="cucumber.TestNGRunner" name="runScenario" time="6.000"/>
</testsuite> <!-- cucumber.TestNGRunner -->
