<?xml version="1.0" encoding="UTF-8"?>
<!-- Generated by org.testng.reporters.JUnitReportReporter -->
<testsuite hostname="LAPTOP-NMT7PGGN" failures="0" tests="2" name="nileshSelenium.AloneTestModifiedDataProvider" time="11.216" errors="0" timestamp="2024-10-30T15:36:17 IST" skipped="0">
  <testcase classname="nileshSelenium.AloneTestModifiedDataProvider" name="orderZaraCoat" time="5.604"/>
  <testcase classname="nileshSelenium.AloneTestModifiedDataProvider" name="orderZaraCoat" time="5.612"/>
</testsuite> <!-- nileshSelenium.AloneTestModifiedDataProvider -->
