<?xml version="1.0" encoding="UTF-8"?>
<!-- Generated by org.testng.reporters.JUnitReportReporter -->
<testsuite hostname="LAPTOP-NMT7PGGN" failures="0" tests="2" name="nileshSelenium.AloneTestModifiedDataJsonFile" time="9.675" errors="0" timestamp="2024-10-31T13:59:59 IST" skipped="0">
  <testcase classname="nileshSelenium.AloneTestModifiedDataJsonFile" name="orderZaraCoat" time="5.293"/>
  <testcase classname="nileshSelenium.AloneTestModifiedDataJsonFile" name="orderZaraCoat" time="4.382"/>
</testsuite> <!-- nileshSelenium.AloneTestModifiedDataJsonFile -->
